#
# A fatal error has been detected by the Java Runtime Environment:
#
#  EXCEPTION_IN_PAGE_ERROR (0xc0000006) at pc=0x00007ffd76241338, pid=11748, tid=11888
#
# JRE version: OpenJDK Runtime Environment (11.0.8+10) (build 11.0.8+10-b944.6842174)
# Java VM: OpenJDK 64-Bit Server VM (11.0.8+10-b944.6842174, mixed mode, tiered, compressed oops, g1 gc, windows-amd64)
# Problematic frame:
# C  [jimage.dll+0x1338]
#
# No core dump will be written. Minidumps are not enabled by default on client versions of Windows
#
# If you would like to submit a bug report, please visit:
#   https://bugreport.java.com/bugreport/crash.jsp
#

---------------  S U M M A R Y ------------

Command Line: -Dorg.gradle.appname=gradlew org.gradle.wrapper.GradleWrapperMain -q -Ptarget-platform=android-x86 -Ptarget=C:\Users\CRIZMA MEGA STORE\Documents\GitHub\Mengo\mengo\lib\main.dart -Pdart-defines=Zmx1dHRlci5pbnNwZWN0b3Iuc3RydWN0dXJlZEVycm9ycz10cnVl,RkxVVFRFUl9XRUJfQVVUT19ERVRFQ1Q9dHJ1ZQ== -Pdart-obfuscation=false -Ptrack-widget-creation=true -Ptree-shake-icons=false -Pfilesystem-scheme=org-dartlang-root assembleDebug

Host: Intel(R) Core(TM) i7-3687U CPU @ 2.10GHz, 4 cores, 7G,  Windows 10 , 64 bit Build 19041 (10.0.19041.928)
Time: Wed Aug 25 16:55:49 2021 Egypt Standard Time elapsed time: 38 seconds (0d 0h 0m 38s)

---------------  T H R E A D  ---------------

Current thread (0x00000166f5374800):  JavaThread "main" [_thread_in_vm, id=11888, stack(0x00000045e1f00000,0x00000045e2000000)]

Stack: [0x00000045e1f00000,0x00000045e2000000],  sp=0x00000045e1ffda00,  free space=1014k
Native frames: (J=compiled Java code, j=interpreted, Vv=VM code, C=native code)
C  [jimage.dll+0x1338]

Java frames: (J=compiled Java code, j=interpreted, Vv=VM code)
j  java.io.RandomAccessFile.getChannel()Ljava/nio/channels/FileChannel;+38 java.base@11.0.8
j  org.gradle.wrapper.ExclusiveFileAccessManager.access(Ljava/io/File;Ljava/util/concurrent/Callable;)Ljava/lang/Object;+90
j  org.gradle.wrapper.Install.createDist(Lorg/gradle/wrapper/WrapperConfiguration;)Ljava/io/File;+55
j  org.gradle.wrapper.WrapperExecutor.execute([Ljava/lang/String;Lorg/gradle/wrapper/Install;Lorg/gradle/wrapper/BootstrapMainStarter;)V+5
j  org.gradle.wrapper.GradleWrapperMain.main([Ljava/lang/String;)V+190
v  ~StubRoutines::call_stub

siginfo: EXCEPTION_IN_PAGE_ERROR (0xc0000006), reading address 0x00000166f5bed78e


Register to memory mapping:

RIP=0x00007ffd76241338 jimage.dll
RAX=0x0000f3bb0e1bd7f0 is an unknown value
RBX=0x00000166f5bed78c points into unknown readable memory: fa fa fe ca
RCX=0x00000166f5bed78c points into unknown readable memory: fa fa fe ca
RDX=0x000001668f9345a0 points into unknown readable memory: 6a 61 76 61 2f 6e 69 6f
RSP=0x00000045e1ffda00 is pointing into the stack for thread: 0x00000166f5374800
RBP=0x00000045e1ffdad0 is pointing into the stack for thread: 0x00000166f5374800
RSI=0x00000166f5bed78c points into unknown readable memory: fa fa fe ca
RDI=0x00000166f5bed78c points into unknown readable memory: fa fa fe ca
R8 =0x0000000000000e64 is an unknown value
R9 =0x00000045e1ffdad0 is pointing into the stack for thread: 0x00000166f5374800
R10=0x00000166f54d04b1 points into unknown readable memory: 00 0a 0a c1 6f 1a 0a
R11=0x0 is NULL
R12=0x0000000000000e64 is an unknown value
R13=0x00000166f537e4b0 points into unknown readable memory: 98 20 9a 5a fd 7f 00 00
R14=0x000001668f9345a0 points into unknown readable memory: 6a 61 76 61 2f 6e 69 6f
R15=0x000001668f9345a0 points into unknown readable memory: 6a 61 76 61 2f 6e 69 6f


Registers:
RAX=0x0000f3bb0e1bd7f0, RBX=0x00000166f5bed78c, RCX=0x00000166f5bed78c, RDX=0x000001668f9345a0
RSP=0x00000045e1ffda00, RBP=0x00000045e1ffdad0, RSI=0x00000166f5bed78c, RDI=0x00000166f5bed78c
R8 =0x0000000000000e64, R9 =0x00000045e1ffdad0, R10=0x00000166f54d04b1, R11=0x0000000000000000
R12=0x0000000000000e64, R13=0x00000166f537e4b0, R14=0x000001668f9345a0, R15=0x000001668f9345a0
RIP=0x00007ffd76241338, EFLAGS=0x0000000000010206

Top of Stack: (sp=0x00000045e1ffda00)
0x00000045e1ffda00:   00000000002c0028 0000000000000028
0x00000045e1ffda10:   000001668f8684a0 000001668fa26e30
0x00000045e1ffda20:   000001660000023d 00000166f5371ea8
0x00000045e1ffda30:   0000000000000000 00000166f3122340
0x00000045e1ffda40:   00000000000003fb 00000166f3120000
0x00000045e1ffda50:   00000166f31202a8 0000f3bb0e1bd7f0
0x00000045e1ffda60:   0000000000000e64 000001668f9345a0
0x00000045e1ffda70:   000001668f9345c0 00000166f3207180
0x00000045e1ffda80:   00000000005f5774 00000000000005a8
0x00000045e1ffda90:   00000166f5bed78c 00007ffd76241ee3
0x00000045e1ffdaa0:   0000000000000011 00007ffd5a856f80
0x00000045e1ffdab0:   0000000082c48038 000001668f9345c0
0x00000045e1ffdac0:   00007ffd76246000 00000166f3121bc0
0x00000045e1ffdad0:   00000166f5544ed5 00000000000b3143
0x00000045e1ffdae0:   0000000000041a21 000001668f92d710
0x00000045e1ffdaf0:   00000166f3207180 00007ffd76241f7a 

Instructions: (pc=0x00007ffd76241338)
0x00007ffd76241238:   41 0b c1 48 0b d1 c1 e0 08 48 c1 e2 08 48 0b d0
0x00007ffd76241248:   49 8b c2 49 23 c0 49 c1 ea 10 49 0b c2 48 c1 e8
0x00007ffd76241258:   08 48 0b d0 49 89 13 c3 0f b7 c2 88 51 01 66 c1
0x00007ffd76241268:   e8 08 88 01 c3 cc cc cc 48 89 5c 24 08 4c 8b 09
0x00007ffd76241278:   4c 8b d9 41 b8 04 00 00 00 41 8a 01 84 c0 79 4e
0x00007ffd76241288:   44 0f be c0 24 1f 41 c1 f8 05 41 83 e0 03 0f b6
0x00007ffd76241298:   d0 41 83 f8 01 74 58 42 8d 0c c5 f8 ff ff ff 49
0x00007ffd762412a8:   63 d8 d3 e2 48 83 fb 01 76 45 41 ba 01 00 00 00
0x00007ffd762412b8:   42 8d 0c c5 f0 ff ff ff 43 0f b6 04 11 49 ff c2
0x00007ffd762412c8:   d3 e0 83 e9 08 0b d0 4c 3b d3 7c ec eb 21 41 0f
0x00007ffd762412d8:   b6 49 02 0f b6 d0 41 0f b6 41 01 c1 e2 08 0b d0
0x00007ffd762412e8:   c1 e2 08 0b d1 41 0f b6 49 03 c1 e2 08 0b d1 48
0x00007ffd762412f8:   8b 5c 24 08 8b c2 41 8b c8 49 03 c9 49 89 0b c3
0x00007ffd76241308:   40 53 55 56 57 41 54 41 56 41 57 48 83 ec 60 48
0x00007ffd76241318:   8b 05 12 4d 00 00 48 33 c4 48 89 44 24 58 49 8b
0x00007ffd76241328:   e9 4d 8b e0 4c 8b fa 48 8b f1 48 8b d9 48 8b f9
0x00007ffd76241338:   0f b6 47 02 44 0f b6 47 03 41 c1 e0 08 44 0b c0
0x00007ffd76241348:   0f b6 47 01 41 c1 e0 08 44 0b c0 0f b6 07 41 c1
0x00007ffd76241358:   e0 08 44 0b c0 44 89 44 24 30 0f b6 47 0a 0f b6
0x00007ffd76241368:   57 0b 0f b6 4f 07 48 c1 e2 08 48 0b d0 c1 e1 08
0x00007ffd76241378:   0f b6 47 09 48 c1 e2 08 48 0b d0 0f b6 47 08 48
0x00007ffd76241388:   c1 e2 08 48 0b d0 0f b6 47 06 0b c8 48 c1 e2 20
0x00007ffd76241398:   0f b6 47 05 c1 e1 08 0b c1 c1 e0 08 48 98 48 0b
0x00007ffd762413a8:   d0 0f b6 47 04 48 0b d0 48 89 54 24 38 0f b6 47
0x00007ffd762413b8:   12 44 0f b6 4f 13 0f b6 4f 0f c1 e1 08 49 c1 e1
0x00007ffd762413c8:   08 4c 0b c8 0f b6 47 11 49 c1 e1 08 4c 0b c8 0f
0x00007ffd762413d8:   b6 47 10 49 c1 e1 08 4c 0b c8 0f b6 47 0e 0b c8
0x00007ffd762413e8:   49 c1 e1 20 0f b6 47 0d c1 e1 08 0b c1 c1 e0 08
0x00007ffd762413f8:   48 98 4c 0b c8 0f b6 47 0c 4c 0b c8 4c 89 4c 24
0x00007ffd76241408:   40 0f b6 47 16 0f b6 4f 17 c1 e1 08 0b c8 0f b6
0x00007ffd76241418:   47 15 c1 e1 08 0b c8 0f b6 47 14 c1 e1 08 0b c8
0x00007ffd76241428:   89 4c 24 48 0f b6 47 1a 0f b6 57 1b c1 e2 08 0b 


Stack slot to memory mapping:
stack at sp + 0 slots: 0x00000000002c0028 is an unknown value
stack at sp + 1 slots: 0x0000000000000028 is an unknown value
stack at sp + 2 slots: 0x000001668f8684a0 points into unknown readable memory: 40 23 12 f3 66 01 00 00
stack at sp + 3 slots: 0x000001668fa26e30 points into unknown readable memory: 01 61 00 2f 01 62 00 34
stack at sp + 4 slots: 0x000001660000023d is an unknown value
stack at sp + 5 slots: 0x00000166f5371ea8 points into unknown readable memory: b8 29 d1 89 00 00 00 00
stack at sp + 6 slots: 0x0 is NULL
stack at sp + 7 slots: 0x00000166f3122340 points into unknown readable memory: f0 0c 12 f3 66 01 00 00


---------------  P R O C E S S  ---------------

Threads class SMR info:
_java_thread_list=0x000001668f975230, length=10, elements={
0x00000166f5374800, 0x00000166ffcae000, 0x00000166ffcaf000, 0x00000166ffcc8000,
0x00000166ffccb000, 0x00000166ffcce000, 0x00000166ffcd1000, 0x000001668f897000,
0x000001668f972800, 0x000001668f97c800
}

Java Threads: ( => current thread )
=>0x00000166f5374800 JavaThread "main" [_thread_in_vm, id=11888, stack(0x00000045e1f00000,0x00000045e2000000)]
  0x00000166ffcae000 JavaThread "Reference Handler" daemon [_thread_blocked, id=11916, stack(0x00000045e2600000,0x00000045e2700000)]
  0x00000166ffcaf000 JavaThread "Finalizer" daemon [_thread_blocked, id=11920, stack(0x00000045e2700000,0x00000045e2800000)]
  0x00000166ffcc8000 JavaThread "Signal Dispatcher" daemon [_thread_blocked, id=11924, stack(0x00000045e2800000,0x00000045e2900000)]
  0x00000166ffccb000 JavaThread "Attach Listener" daemon [_thread_blocked, id=11928, stack(0x00000045e2900000,0x00000045e2a00000)]
  0x00000166ffcce000 JavaThread "C2 CompilerThread0" daemon [_thread_blocked, id=11932, stack(0x00000045e2a00000,0x00000045e2b00000)]
  0x00000166ffcd1000 JavaThread "C1 CompilerThread0" daemon [_thread_blocked, id=11936, stack(0x00000045e2b00000,0x00000045e2c00000)]
  0x000001668f897000 JavaThread "Sweeper thread" daemon [_thread_blocked, id=11940, stack(0x00000045e2c00000,0x00000045e2d00000)]
  0x000001668f972800 JavaThread "Service Thread" daemon [_thread_blocked, id=11944, stack(0x00000045e2d00000,0x00000045e2e00000)]
  0x000001668f97c800 JavaThread "Common-Cleaner" daemon [_thread_blocked, id=12000, stack(0x00000045e2f00000,0x00000045e3000000)]

Other Threads:
  0x00000166ffc89000 VMThread "VM Thread" [stack: 0x00000045e2500000,0x00000045e2600000] [id=11912]
  0x000001668f978000 WatcherThread [stack: 0x00000045e2e00000,0x00000045e2f00000] [id=11948]
  0x00000166f538c800 GCTaskThread "GC Thread#0" [stack: 0x00000045e2000000,0x00000045e2100000] [id=11892]
  0x00000166f53bb000 ConcurrentGCThread "G1 Main Marker" [stack: 0x00000045e2100000,0x00000045e2200000] [id=11896]
  0x00000166f53bd800 ConcurrentGCThread "G1 Conc#0" [stack: 0x00000045e2200000,0x00000045e2300000] [id=11900]
  0x00000166f544d800 ConcurrentGCThread "G1 Refine#0" [stack: 0x00000045e2300000,0x00000045e2400000] [id=11904]
  0x00000166f544e800 ConcurrentGCThread "G1 Young RemSet Sampling" [stack: 0x00000045e2400000,0x00000045e2500000] [id=11908]

Threads with active compile tasks:

VM state:not at safepoint (normal execution)

VM Mutex/Monitor currently owned by a thread: None

Heap address: 0x0000000082200000, size: 2014 MB, Compressed Oops mode: 32-bit
Narrow klass base: 0x0000000000000000, Narrow klass shift: 3
Compressed class space size: 1073741824 Address: 0x0000000100000000

Heap:
 garbage-first heap   total 129024K, used 2048K [0x0000000082200000, 0x0000000100000000)
  region size 1024K, 3 young (3072K), 0 survivors (0K)
 Metaspace       used 6878K, capacity 6961K, committed 7040K, reserved 1056768K
  class space    used 594K, capacity 636K, committed 640K, reserved 1048576K
Heap Regions: E=young(eden), S=young(survivor), O=old, HS=humongous(starts), HC=humongous(continues), CS=collection set, F=free, A=archive, TAMS=top-at-mark-start (previous, next)
|   0|0x0000000082200000, 0x0000000082200000, 0x0000000082300000|  0%| F|  |TAMS 0x0000000082200000, 0x0000000082200000| Untracked 
|   1|0x0000000082300000, 0x0000000082300000, 0x0000000082400000|  0%| F|  |TAMS 0x0000000082300000, 0x0000000082300000| Untracked 
|   2|0x0000000082400000, 0x0000000082400000, 0x0000000082500000|  0%| F|  |TAMS 0x0000000082400000, 0x0000000082400000| Untracked 
|   3|0x0000000082500000, 0x0000000082500000, 0x0000000082600000|  0%| F|  |TAMS 0x0000000082500000, 0x0000000082500000| Untracked 
|   4|0x0000000082600000, 0x0000000082600000, 0x0000000082700000|  0%| F|  |TAMS 0x0000000082600000, 0x0000000082600000| Untracked 
|   5|0x0000000082700000, 0x0000000082700000, 0x0000000082800000|  0%| F|  |TAMS 0x0000000082700000, 0x0000000082700000| Untracked 
|   6|0x0000000082800000, 0x0000000082800000, 0x0000000082900000|  0%| F|  |TAMS 0x0000000082800000, 0x0000000082800000| Untracked 
|   7|0x0000000082900000, 0x0000000082900000, 0x0000000082a00000|  0%| F|  |TAMS 0x0000000082900000, 0x0000000082900000| Untracked 
|   8|0x0000000082a00000, 0x0000000082a00000, 0x0000000082b00000|  0%| F|  |TAMS 0x0000000082a00000, 0x0000000082a00000| Untracked 
|   9|0x0000000082b00000, 0x0000000082b00000, 0x0000000082c00000|  0%| F|  |TAMS 0x0000000082b00000, 0x0000000082b00000| Untracked 
|  10|0x0000000082c00000, 0x0000000082c00000, 0x0000000082d00000|  0%| F|  |TAMS 0x0000000082c00000, 0x0000000082c00000| Untracked 
|  11|0x0000000082d00000, 0x0000000082d00000, 0x0000000082e00000|  0%| F|  |TAMS 0x0000000082d00000, 0x0000000082d00000| Untracked 
|  12|0x0000000082e00000, 0x0000000082e00000, 0x0000000082f00000|  0%| F|  |TAMS 0x0000000082e00000, 0x0000000082e00000| Untracked 
|  13|0x0000000082f00000, 0x0000000082f00000, 0x0000000083000000|  0%| F|  |TAMS 0x0000000082f00000, 0x0000000082f00000| Untracked 
|  14|0x0000000083000000, 0x0000000083000000, 0x0000000083100000|  0%| F|  |TAMS 0x0000000083000000, 0x0000000083000000| Untracked 
|  15|0x0000000083100000, 0x0000000083100000, 0x0000000083200000|  0%| F|  |TAMS 0x0000000083100000, 0x0000000083100000| Untracked 
|  16|0x0000000083200000, 0x0000000083200000, 0x0000000083300000|  0%| F|  |TAMS 0x0000000083200000, 0x0000000083200000| Untracked 
|  17|0x0000000083300000, 0x0000000083300000, 0x0000000083400000|  0%| F|  |TAMS 0x0000000083300000, 0x0000000083300000| Untracked 
|  18|0x0000000083400000, 0x0000000083400000, 0x0000000083500000|  0%| F|  |TAMS 0x0000000083400000, 0x0000000083400000| Untracked 
|  19|0x0000000083500000, 0x0000000083500000, 0x0000000083600000|  0%| F|  |TAMS 0x0000000083500000, 0x0000000083500000| Untracked 
|  20|0x0000000083600000, 0x0000000083600000, 0x0000000083700000|  0%| F|  |TAMS 0x0000000083600000, 0x0000000083600000| Untracked 
|  21|0x0000000083700000, 0x0000000083700000, 0x0000000083800000|  0%| F|  |TAMS 0x0000000083700000, 0x0000000083700000| Untracked 
|  22|0x0000000083800000, 0x0000000083800000, 0x0000000083900000|  0%| F|  |TAMS 0x0000000083800000, 0x0000000083800000| Untracked 
|  23|0x0000000083900000, 0x0000000083900000, 0x0000000083a00000|  0%| F|  |TAMS 0x0000000083900000, 0x0000000083900000| Untracked 
|  24|0x0000000083a00000, 0x0000000083a00000, 0x0000000083b00000|  0%| F|  |TAMS 0x0000000083a00000, 0x0000000083a00000| Untracked 
|  25|0x0000000083b00000, 0x0000000083b00000, 0x0000000083c00000|  0%| F|  |TAMS 0x0000000083b00000, 0x0000000083b00000| Untracked 
|  26|0x0000000083c00000, 0x0000000083c00000, 0x0000000083d00000|  0%| F|  |TAMS 0x0000000083c00000, 0x0000000083c00000| Untracked 
|  27|0x0000000083d00000, 0x0000000083d00000, 0x0000000083e00000|  0%| F|  |TAMS 0x0000000083d00000, 0x0000000083d00000| Untracked 
|  28|0x0000000083e00000, 0x0000000083e00000, 0x0000000083f00000|  0%| F|  |TAMS 0x0000000083e00000, 0x0000000083e00000| Untracked 
|  29|0x0000000083f00000, 0x0000000083f00000, 0x0000000084000000|  0%| F|  |TAMS 0x0000000083f00000, 0x0000000083f00000| Untracked 
|  30|0x0000000084000000, 0x0000000084000000, 0x0000000084100000|  0%| F|  |TAMS 0x0000000084000000, 0x0000000084000000| Untracked 
|  31|0x0000000084100000, 0x0000000084100000, 0x0000000084200000|  0%| F|  |TAMS 0x0000000084100000, 0x0000000084100000| Untracked 
|  32|0x0000000084200000, 0x0000000084200000, 0x0000000084300000|  0%| F|  |TAMS 0x0000000084200000, 0x0000000084200000| Untracked 
|  33|0x0000000084300000, 0x0000000084300000, 0x0000000084400000|  0%| F|  |TAMS 0x0000000084300000, 0x0000000084300000| Untracked 
|  34|0x0000000084400000, 0x0000000084400000, 0x0000000084500000|  0%| F|  |TAMS 0x0000000084400000, 0x0000000084400000| Untracked 
|  35|0x0000000084500000, 0x0000000084500000, 0x0000000084600000|  0%| F|  |TAMS 0x0000000084500000, 0x0000000084500000| Untracked 
|  36|0x0000000084600000, 0x0000000084600000, 0x0000000084700000|  0%| F|  |TAMS 0x0000000084600000, 0x0000000084600000| Untracked 
|  37|0x0000000084700000, 0x0000000084700000, 0x0000000084800000|  0%| F|  |TAMS 0x0000000084700000, 0x0000000084700000| Untracked 
|  38|0x0000000084800000, 0x0000000084800000, 0x0000000084900000|  0%| F|  |TAMS 0x0000000084800000, 0x0000000084800000| Untracked 
|  39|0x0000000084900000, 0x0000000084900000, 0x0000000084a00000|  0%| F|  |TAMS 0x0000000084900000, 0x0000000084900000| Untracked 
|  40|0x0000000084a00000, 0x0000000084a00000, 0x0000000084b00000|  0%| F|  |TAMS 0x0000000084a00000, 0x0000000084a00000| Untracked 
|  41|0x0000000084b00000, 0x0000000084b00000, 0x0000000084c00000|  0%| F|  |TAMS 0x0000000084b00000, 0x0000000084b00000| Untracked 
|  42|0x0000000084c00000, 0x0000000084c00000, 0x0000000084d00000|  0%| F|  |TAMS 0x0000000084c00000, 0x0000000084c00000| Untracked 
|  43|0x0000000084d00000, 0x0000000084d00000, 0x0000000084e00000|  0%| F|  |TAMS 0x0000000084d00000, 0x0000000084d00000| Untracked 
|  44|0x0000000084e00000, 0x0000000084e00000, 0x0000000084f00000|  0%| F|  |TAMS 0x0000000084e00000, 0x0000000084e00000| Untracked 
|  45|0x0000000084f00000, 0x0000000084f00000, 0x0000000085000000|  0%| F|  |TAMS 0x0000000084f00000, 0x0000000084f00000| Untracked 
|  46|0x0000000085000000, 0x0000000085000000, 0x0000000085100000|  0%| F|  |TAMS 0x0000000085000000, 0x0000000085000000| Untracked 
|  47|0x0000000085100000, 0x0000000085100000, 0x0000000085200000|  0%| F|  |TAMS 0x0000000085100000, 0x0000000085100000| Untracked 
|  48|0x0000000085200000, 0x0000000085200000, 0x0000000085300000|  0%| F|  |TAMS 0x0000000085200000, 0x0000000085200000| Untracked 
|  49|0x0000000085300000, 0x0000000085300000, 0x0000000085400000|  0%| F|  |TAMS 0x0000000085300000, 0x0000000085300000| Untracked 
|  50|0x0000000085400000, 0x0000000085400000, 0x0000000085500000|  0%| F|  |TAMS 0x0000000085400000, 0x0000000085400000| Untracked 
|  51|0x0000000085500000, 0x0000000085500000, 0x0000000085600000|  0%| F|  |TAMS 0x0000000085500000, 0x0000000085500000| Untracked 
|  52|0x0000000085600000, 0x0000000085600000, 0x0000000085700000|  0%| F|  |TAMS 0x0000000085600000, 0x0000000085600000| Untracked 
|  53|0x0000000085700000, 0x0000000085700000, 0x0000000085800000|  0%| F|  |TAMS 0x0000000085700000, 0x0000000085700000| Untracked 
|  54|0x0000000085800000, 0x0000000085800000, 0x0000000085900000|  0%| F|  |TAMS 0x0000000085800000, 0x0000000085800000| Untracked 
|  55|0x0000000085900000, 0x0000000085900000, 0x0000000085a00000|  0%| F|  |TAMS 0x0000000085900000, 0x0000000085900000| Untracked 
|  56|0x0000000085a00000, 0x0000000085a00000, 0x0000000085b00000|  0%| F|  |TAMS 0x0000000085a00000, 0x0000000085a00000| Untracked 
|  57|0x0000000085b00000, 0x0000000085b00000, 0x0000000085c00000|  0%| F|  |TAMS 0x0000000085b00000, 0x0000000085b00000| Untracked 
|  58|0x0000000085c00000, 0x0000000085c00000, 0x0000000085d00000|  0%| F|  |TAMS 0x0000000085c00000, 0x0000000085c00000| Untracked 
|  59|0x0000000085d00000, 0x0000000085d00000, 0x0000000085e00000|  0%| F|  |TAMS 0x0000000085d00000, 0x0000000085d00000| Untracked 
|  60|0x0000000085e00000, 0x0000000085e00000, 0x0000000085f00000|  0%| F|  |TAMS 0x0000000085e00000, 0x0000000085e00000| Untracked 
|  61|0x0000000085f00000, 0x0000000085f00000, 0x0000000086000000|  0%| F|  |TAMS 0x0000000085f00000, 0x0000000085f00000| Untracked 
|  62|0x0000000086000000, 0x0000000086000000, 0x0000000086100000|  0%| F|  |TAMS 0x0000000086000000, 0x0000000086000000| Untracked 
|  63|0x0000000086100000, 0x0000000086100000, 0x0000000086200000|  0%| F|  |TAMS 0x0000000086100000, 0x0000000086100000| Untracked 
|  64|0x0000000086200000, 0x0000000086200000, 0x0000000086300000|  0%| F|  |TAMS 0x0000000086200000, 0x0000000086200000| Untracked 
|  65|0x0000000086300000, 0x0000000086300000, 0x0000000086400000|  0%| F|  |TAMS 0x0000000086300000, 0x0000000086300000| Untracked 
|  66|0x0000000086400000, 0x0000000086400000, 0x0000000086500000|  0%| F|  |TAMS 0x0000000086400000, 0x0000000086400000| Untracked 
|  67|0x0000000086500000, 0x0000000086500000, 0x0000000086600000|  0%| F|  |TAMS 0x0000000086500000, 0x0000000086500000| Untracked 
|  68|0x0000000086600000, 0x0000000086600000, 0x0000000086700000|  0%| F|  |TAMS 0x0000000086600000, 0x0000000086600000| Untracked 
|  69|0x0000000086700000, 0x0000000086700000, 0x0000000086800000|  0%| F|  |TAMS 0x0000000086700000, 0x0000000086700000| Untracked 
|  70|0x0000000086800000, 0x0000000086800000, 0x0000000086900000|  0%| F|  |TAMS 0x0000000086800000, 0x0000000086800000| Untracked 
|  71|0x0000000086900000, 0x0000000086900000, 0x0000000086a00000|  0%| F|  |TAMS 0x0000000086900000, 0x0000000086900000| Untracked 
|  72|0x0000000086a00000, 0x0000000086a00000, 0x0000000086b00000|  0%| F|  |TAMS 0x0000000086a00000, 0x0000000086a00000| Untracked 
|  73|0x0000000086b00000, 0x0000000086b00000, 0x0000000086c00000|  0%| F|  |TAMS 0x0000000086b00000, 0x0000000086b00000| Untracked 
|  74|0x0000000086c00000, 0x0000000086c00000, 0x0000000086d00000|  0%| F|  |TAMS 0x0000000086c00000, 0x0000000086c00000| Untracked 
|  75|0x0000000086d00000, 0x0000000086d00000, 0x0000000086e00000|  0%| F|  |TAMS 0x0000000086d00000, 0x0000000086d00000| Untracked 
|  76|0x0000000086e00000, 0x0000000086e00000, 0x0000000086f00000|  0%| F|  |TAMS 0x0000000086e00000, 0x0000000086e00000| Untracked 
|  77|0x0000000086f00000, 0x0000000086f00000, 0x0000000087000000|  0%| F|  |TAMS 0x0000000086f00000, 0x0000000086f00000| Untracked 
|  78|0x0000000087000000, 0x0000000087000000, 0x0000000087100000|  0%| F|  |TAMS 0x0000000087000000, 0x0000000087000000| Untracked 
|  79|0x0000000087100000, 0x0000000087100000, 0x0000000087200000|  0%| F|  |TAMS 0x0000000087100000, 0x0000000087100000| Untracked 
|  80|0x0000000087200000, 0x0000000087200000, 0x0000000087300000|  0%| F|  |TAMS 0x0000000087200000, 0x0000000087200000| Untracked 
|  81|0x0000000087300000, 0x0000000087300000, 0x0000000087400000|  0%| F|  |TAMS 0x0000000087300000, 0x0000000087300000| Untracked 
|  82|0x0000000087400000, 0x0000000087400000, 0x0000000087500000|  0%| F|  |TAMS 0x0000000087400000, 0x0000000087400000| Untracked 
|  83|0x0000000087500000, 0x0000000087500000, 0x0000000087600000|  0%| F|  |TAMS 0x0000000087500000, 0x0000000087500000| Untracked 
|  84|0x0000000087600000, 0x0000000087600000, 0x0000000087700000|  0%| F|  |TAMS 0x0000000087600000, 0x0000000087600000| Untracked 
|  85|0x0000000087700000, 0x0000000087700000, 0x0000000087800000|  0%| F|  |TAMS 0x0000000087700000, 0x0000000087700000| Untracked 
|  86|0x0000000087800000, 0x0000000087800000, 0x0000000087900000|  0%| F|  |TAMS 0x0000000087800000, 0x0000000087800000| Untracked 
|  87|0x0000000087900000, 0x0000000087900000, 0x0000000087a00000|  0%| F|  |TAMS 0x0000000087900000, 0x0000000087900000| Untracked 
|  88|0x0000000087a00000, 0x0000000087a00000, 0x0000000087b00000|  0%| F|  |TAMS 0x0000000087a00000, 0x0000000087a00000| Untracked 
|  89|0x0000000087b00000, 0x0000000087b00000, 0x0000000087c00000|  0%| F|  |TAMS 0x0000000087b00000, 0x0000000087b00000| Untracked 
|  90|0x0000000087c00000, 0x0000000087c00000, 0x0000000087d00000|  0%| F|  |TAMS 0x0000000087c00000, 0x0000000087c00000| Untracked 
|  91|0x0000000087d00000, 0x0000000087d00000, 0x0000000087e00000|  0%| F|  |TAMS 0x0000000087d00000, 0x0000000087d00000| Untracked 
|  92|0x0000000087e00000, 0x0000000087e00000, 0x0000000087f00000|  0%| F|  |TAMS 0x0000000087e00000, 0x0000000087e00000| Untracked 
|  93|0x0000000087f00000, 0x0000000087f00000, 0x0000000088000000|  0%| F|  |TAMS 0x0000000087f00000, 0x0000000087f00000| Untracked 
|  94|0x0000000088000000, 0x0000000088000000, 0x0000000088100000|  0%| F|  |TAMS 0x0000000088000000, 0x0000000088000000| Untracked 
|  95|0x0000000088100000, 0x0000000088100000, 0x0000000088200000|  0%| F|  |TAMS 0x0000000088100000, 0x0000000088100000| Untracked 
|  96|0x0000000088200000, 0x0000000088200000, 0x0000000088300000|  0%| F|  |TAMS 0x0000000088200000, 0x0000000088200000| Untracked 
|  97|0x0000000088300000, 0x0000000088300000, 0x0000000088400000|  0%| F|  |TAMS 0x0000000088300000, 0x0000000088300000| Untracked 
|  98|0x0000000088400000, 0x0000000088400000, 0x0000000088500000|  0%| F|  |TAMS 0x0000000088400000, 0x0000000088400000| Untracked 
|  99|0x0000000088500000, 0x0000000088500000, 0x0000000088600000|  0%| F|  |TAMS 0x0000000088500000, 0x0000000088500000| Untracked 
| 100|0x0000000088600000, 0x0000000088600000, 0x0000000088700000|  0%| F|  |TAMS 0x0000000088600000, 0x0000000088600000| Untracked 
| 101|0x0000000088700000, 0x0000000088700000, 0x0000000088800000|  0%| F|  |TAMS 0x0000000088700000, 0x0000000088700000| Untracked 
| 102|0x0000000088800000, 0x0000000088800000, 0x0000000088900000|  0%| F|  |TAMS 0x0000000088800000, 0x0000000088800000| Untracked 
| 103|0x0000000088900000, 0x0000000088900000, 0x0000000088a00000|  0%| F|  |TAMS 0x0000000088900000, 0x0000000088900000| Untracked 
| 104|0x0000000088a00000, 0x0000000088a00000, 0x0000000088b00000|  0%| F|  |TAMS 0x0000000088a00000, 0x0000000088a00000| Untracked 
| 105|0x0000000088b00000, 0x0000000088b00000, 0x0000000088c00000|  0%| F|  |TAMS 0x0000000088b00000, 0x0000000088b00000| Untracked 
| 106|0x0000000088c00000, 0x0000000088c00000, 0x0000000088d00000|  0%| F|  |TAMS 0x0000000088c00000, 0x0000000088c00000| Untracked 
| 107|0x0000000088d00000, 0x0000000088d00000, 0x0000000088e00000|  0%| F|  |TAMS 0x0000000088d00000, 0x0000000088d00000| Untracked 
| 108|0x0000000088e00000, 0x0000000088e00000, 0x0000000088f00000|  0%| F|  |TAMS 0x0000000088e00000, 0x0000000088e00000| Untracked 
| 109|0x0000000088f00000, 0x0000000088f00000, 0x0000000089000000|  0%| F|  |TAMS 0x0000000088f00000, 0x0000000088f00000| Untracked 
| 110|0x0000000089000000, 0x0000000089000000, 0x0000000089100000|  0%| F|  |TAMS 0x0000000089000000, 0x0000000089000000| Untracked 
| 111|0x0000000089100000, 0x0000000089100000, 0x0000000089200000|  0%| F|  |TAMS 0x0000000089100000, 0x0000000089100000| Untracked 
| 112|0x0000000089200000, 0x0000000089200000, 0x0000000089300000|  0%| F|  |TAMS 0x0000000089200000, 0x0000000089200000| Untracked 
| 113|0x0000000089300000, 0x0000000089300000, 0x0000000089400000|  0%| F|  |TAMS 0x0000000089300000, 0x0000000089300000| Untracked 
| 114|0x0000000089400000, 0x0000000089400000, 0x0000000089500000|  0%| F|  |TAMS 0x0000000089400000, 0x0000000089400000| Untracked 
| 115|0x0000000089500000, 0x0000000089500000, 0x0000000089600000|  0%| F|  |TAMS 0x0000000089500000, 0x0000000089500000| Untracked 
| 116|0x0000000089600000, 0x0000000089600000, 0x0000000089700000|  0%| F|  |TAMS 0x0000000089600000, 0x0000000089600000| Untracked 
| 117|0x0000000089700000, 0x0000000089700000, 0x0000000089800000|  0%| F|  |TAMS 0x0000000089700000, 0x0000000089700000| Untracked 
| 118|0x0000000089800000, 0x0000000089800000, 0x0000000089900000|  0%| F|  |TAMS 0x0000000089800000, 0x0000000089800000| Untracked 
| 119|0x0000000089900000, 0x0000000089900000, 0x0000000089a00000|  0%| F|  |TAMS 0x0000000089900000, 0x0000000089900000| Untracked 
| 120|0x0000000089a00000, 0x0000000089a00000, 0x0000000089b00000|  0%| F|  |TAMS 0x0000000089a00000, 0x0000000089a00000| Untracked 
| 121|0x0000000089b00000, 0x0000000089b00000, 0x0000000089c00000|  0%| F|  |TAMS 0x0000000089b00000, 0x0000000089b00000| Untracked 
| 122|0x0000000089c00000, 0x0000000089c00000, 0x0000000089d00000|  0%| F|  |TAMS 0x0000000089c00000, 0x0000000089c00000| Untracked 
| 123|0x0000000089d00000, 0x0000000089d482f8, 0x0000000089e00000| 28%| E|  |TAMS 0x0000000089d00000, 0x0000000089d00000| Complete 
| 124|0x0000000089e00000, 0x0000000089f00000, 0x0000000089f00000|100%| E|CS|TAMS 0x0000000089e00000, 0x0000000089e00000| Complete 
| 125|0x0000000089f00000, 0x000000008a000000, 0x000000008a000000|100%| E|CS|TAMS 0x0000000089f00000, 0x0000000089f00000| Complete 

Card table byte_map: [0x00000166f90e0000,0x00000166f94d0000] _byte_map_base: 0x00000166f8ccf000

Marking Bits (Prev, Next): (CMBitMap*) 0x00000166f53b2868, (CMBitMap*) 0x00000166f53b28a0
 Prev Bits: [0x00000166f98c0000, 0x00000166fb838000)
 Next Bits: [0x00000166fb840000, 0x00000166fd7b8000)

Polling page: 0x00000166f3190000

Metaspace:

Usage:
  Non-class:      6.18 MB capacity,     6.14 MB (>99%) used,    36.80 KB ( <1%) free+waste,     4.00 KB ( <1%) overhead. 
      Class:    636.00 KB capacity,   594.63 KB ( 93%) used,    39.63 KB (  6%) free+waste,     1.75 KB ( <1%) overhead. 
       Both:      6.80 MB capacity,     6.72 MB ( 99%) used,    76.43 KB (  1%) free+waste,     5.75 KB ( <1%) overhead. 

Virtual space:
  Non-class space:        8.00 MB reserved,       6.25 MB ( 78%) committed 
      Class space:        1.00 GB reserved,     640.00 KB ( <1%) committed 
             Both:        1.01 GB reserved,       6.88 MB ( <1%) committed 

Chunk freelists:
   Non-Class:  11.00 KB
       Class:  4.00 KB
        Both:  15.00 KB

MaxMetaspaceSize: 17179869184.00 GB
CompressedClassSpaceSize: 1.00 GB

CodeHeap 'non-profiled nmethods': size=120064Kb used=51Kb max_used=51Kb free=120012Kb
 bounds [0x0000016687ac0000, 0x0000016687d30000, 0x000001668f000000]
CodeHeap 'profiled nmethods': size=120000Kb used=262Kb max_used=262Kb free=119737Kb
 bounds [0x0000016680590000, 0x0000016680800000, 0x0000016687ac0000]
CodeHeap 'non-nmethods': size=5696Kb used=1054Kb max_used=1061Kb free=4641Kb
 bounds [0x0000016680000000, 0x0000016680270000, 0x0000016680590000]
 total_blobs=562 nmethods=215 adapters=259
 compilation: enabled
              stopped_count=0, restarted_count=0
 full_count=0

Compilation events (20 events):
Event: 25.829 Thread 0x00000166ffcd1000 nmethod 201 0x00000166805ce590 code [0x00000166805ce760, 0x00000166805cea18]
Event: 25.829 Thread 0x00000166ffcd1000  202       1       java.util.HashMap$Node::getKey (5 bytes)
Event: 25.829 Thread 0x00000166ffcd1000 nmethod 202 0x0000016687acb890 code [0x0000016687acba40, 0x0000016687acbaf8]
Event: 25.829 Thread 0x00000166ffcd1000  205       3       java.util.concurrent.ConcurrentHashMap::put (8 bytes)
Event: 25.829 Thread 0x00000166ffcd1000 nmethod 205 0x00000166805ceb90 code [0x00000166805ced40, 0x00000166805cee68]
Event: 25.829 Thread 0x00000166ffcd1000  207       3       java.util.HashMap$HashIterator::nextNode (100 bytes)
Event: 25.830 Thread 0x00000166ffcd1000 nmethod 207 0x00000166805cef10 code [0x00000166805cf100, 0x00000166805cf638]
Event: 25.830 Thread 0x00000166ffcd1000  206       1       java.util.HashMap$Node::getValue (5 bytes)
Event: 25.830 Thread 0x00000166ffcd1000 nmethod 206 0x0000016687acbb90 code [0x0000016687acbd40, 0x0000016687acbdf8]
Event: 25.830 Thread 0x00000166ffcd1000  208  s    3       java.util.Properties::put (10 bytes)
Event: 25.831 Thread 0x00000166ffcd1000 nmethod 208 0x00000166805cf810 code [0x00000166805cf9e0, 0x00000166805cfd08]
Event: 25.831 Thread 0x00000166ffcce000 nmethod 203 0x0000016687acbe90 code [0x0000016687acc020, 0x0000016687acc138]
Event: 25.831 Thread 0x00000166ffcce000  204       4       java.lang.CharacterDataLatin1::getProperties (11 bytes)
Event: 25.832 Thread 0x00000166ffcce000 nmethod 204 0x0000016687acc190 code [0x0000016687acc320, 0x0000016687acc3b8]
Event: 28.072 Thread 0x00000166ffcd1000  209       3       java.lang.String::checkIndex (46 bytes)
Event: 28.074 Thread 0x00000166ffcd1000 nmethod 209 0x00000166805cfe10 code [0x00000166805d00a0, 0x00000166805d0a38]
Event: 28.074 Thread 0x00000166ffcd1000  210       3       java.lang.String::codePointAt (50 bytes)
Event: 28.075 Thread 0x00000166ffcd1000 nmethod 210 0x00000166805d0e10 code [0x00000166805d1000, 0x00000166805d1388]
Event: 28.075 Thread 0x00000166ffcd1000  211       3       java.util.regex.Pattern$Node::<init> (12 bytes)
Event: 28.075 Thread 0x00000166ffcd1000 nmethod 211 0x00000166805d1510 code [0x00000166805d16c0, 0x00000166805d1878]

GC Heap History (0 events):
No events

Deoptimization events (4 events):
Event: 1.854 Thread 0x00000166f5374800 Uncommon trap: trap_request=0xffffff4d fr.pc=0x0000016687ac42a4 relative=0x0000000000000184
Event: 1.854 Thread 0x00000166f5374800 Uncommon trap: reason=unstable_if action=reinterpret pc=0x0000016687ac42a4 method=java.lang.String.hashCode()I @ 14 c2
Event: 1.854 Thread 0x00000166f5374800 DEOPT PACKING pc=0x0000016687ac42a4 sp=0x00000045e1ffd430
Event: 1.854 Thread 0x00000166f5374800 DEOPT UNPACKING pc=0x000001668002742f sp=0x00000045e1ffd3c8 mode 2

Classes redefined (0 events):
No events

Internal exceptions (1 events):
Event: 14.504 Thread 0x00000166f5374800 Exception <a 'java/lang/NoSuchMethodError'{0x0000000089e860e8}: 'int java.lang.invoke.DirectMethodHandle$Holder.invokeSpecialIFC(java.lang.Object, java.lang.Object, int)'> (0x0000000089e860e8) thrown at [./src/hotspot/share/interpreter/linkResolver.cpp, line 773]

Events (20 events):
Event: 28.074 loading class java/util/Locale$1
Event: 28.074 loading class java/util/Locale$1 done
Event: 28.074 loading class java/util/Formatter$FormatSpecifier
Event: 28.209 loading class java/util/Formatter$FormatString
Event: 28.209 loading class java/util/Formatter$FormatString done
Event: 28.209 loading class java/util/Formatter$FormatSpecifier done
Event: 28.209 loading class java/util/Formatter$Flags
Event: 28.209 loading class java/util/Formatter$Flags done
Event: 28.210 loading class java/util/Formatter$Conversion
Event: 28.210 loading class java/util/Formatter$Conversion done
Event: 28.210 loading class java/util/Formatter$FixedString
Event: 28.210 loading class java/util/Formatter$FixedString done
Event: 28.210 loading class java/util/Formattable
Event: 28.210 loading class java/util/Formattable done
Event: 28.210 loading class org/gradle/wrapper/PathAssembler$LocalDistribution
Event: 28.210 loading class org/gradle/wrapper/PathAssembler$LocalDistribution done
Event: 28.210 loading class org/gradle/wrapper/Install$1
Event: 28.210 loading class org/gradle/wrapper/Install$1 done
Event: 28.458 loading class sun/nio/ch/FileChannelImpl
Event: 29.924 loading class java/nio/channels/FileChannel


Dynamic libraries:
0x00007ff6c89e0000 - 0x00007ff6c89ea000 	E:\Android\jre\bin\java.exe
0x00007ffd94a30000 - 0x00007ffd94c25000 	C:\WINDOWS\SYSTEM32\ntdll.dll
0x00007ffd8bbf0000 - 0x00007ffd8bc05000 	C:\Program Files\AVAST Software\Avast\aswhook.dll
0x00007ffd92f30000 - 0x00007ffd92fed000 	C:\WINDOWS\System32\KERNEL32.DLL
0x00007ffd92300000 - 0x00007ffd925c8000 	C:\WINDOWS\System32\KERNELBASE.dll
0x00007ffd927b0000 - 0x00007ffd928b0000 	C:\WINDOWS\System32\ucrtbase.dll
0x00007ffd8f4e0000 - 0x00007ffd8f4f9000 	E:\Android\jre\bin\jli.dll
0x00007ffd92b40000 - 0x00007ffd92ce0000 	C:\WINDOWS\System32\USER32.dll
0x00007ffd92730000 - 0x00007ffd92752000 	C:\WINDOWS\System32\win32u.dll
0x00007ffd92f00000 - 0x00007ffd92f2a000 	C:\WINDOWS\System32\GDI32.dll
0x00007ffd921f0000 - 0x00007ffd922fb000 	C:\WINDOWS\System32\gdi32full.dll
0x00007ffd928b0000 - 0x00007ffd9294d000 	C:\WINDOWS\System32\msvcp_win.dll
0x00007ffd89140000 - 0x00007ffd89157000 	E:\Android\jre\bin\VCRUNTIME140.dll
0x00007ffd91490000 - 0x00007ffd9172a000 	C:\WINDOWS\WinSxS\amd64_microsoft.windows.common-controls_6595b64144ccf1df_6.0.19041.844_none_ca00b6081b84eb1d\COMCTL32.dll
0x00007ffd930f0000 - 0x00007ffd9318e000 	C:\WINDOWS\System32\msvcrt.dll
0x00007ffd94700000 - 0x00007ffd94730000 	C:\WINDOWS\System32\IMM32.DLL
0x00007ffd87490000 - 0x00007ffd8752d000 	E:\Android\jre\bin\msvcp140.dll
0x00007ffd5a1b0000 - 0x00007ffd5ac6c000 	E:\Android\jre\bin\server\jvm.dll
0x00007ffd92a90000 - 0x00007ffd92b3c000 	C:\WINDOWS\System32\ADVAPI32.dll
0x00007ffd94270000 - 0x00007ffd9430b000 	C:\WINDOWS\System32\sechost.dll
0x00007ffd93ff0000 - 0x00007ffd9411b000 	C:\WINDOWS\System32\RPCRT4.dll
0x00007ffd930e0000 - 0x00007ffd930e8000 	C:\WINDOWS\System32\PSAPI.DLL
0x00007ffd8d660000 - 0x00007ffd8d687000 	C:\WINDOWS\SYSTEM32\WINMM.dll
0x00007ffd81be0000 - 0x00007ffd81be9000 	C:\WINDOWS\SYSTEM32\WSOCK32.dll
0x00007ffd803a0000 - 0x00007ffd803aa000 	C:\WINDOWS\SYSTEM32\VERSION.dll
0x00007ffd94120000 - 0x00007ffd9418b000 	C:\WINDOWS\System32\WS2_32.dll
0x00007ffd8fb00000 - 0x00007ffd8fb12000 	C:\WINDOWS\SYSTEM32\kernel.appcore.dll
0x00007ffd61dd0000 - 0x00007ffd61de1000 	E:\Android\jre\bin\verify.dll
0x00007ffd91b20000 - 0x00007ffd91d04000 	C:\WINDOWS\SYSTEM32\DBGHELP.DLL
0x00007ffd91970000 - 0x00007ffd9199c000 	C:\WINDOWS\SYSTEM32\dbgcore.DLL
0x00007ffd92170000 - 0x00007ffd921f0000 	C:\WINDOWS\System32\bcryptPrimitives.dll
0x00007ffd5e8f0000 - 0x00007ffd5e919000 	E:\Android\jre\bin\java.dll
0x00007ffd76240000 - 0x00007ffd7624b000 	E:\Android\jre\bin\jimage.dll
0x00007ffd613d0000 - 0x00007ffd613e8000 	E:\Android\jre\bin\zip.dll
0x00007ffd938a0000 - 0x00007ffd93fe2000 	C:\WINDOWS\System32\SHELL32.dll
0x00007ffd8fc70000 - 0x00007ffd90400000 	C:\WINDOWS\SYSTEM32\windows.storage.dll
0x00007ffd943a0000 - 0x00007ffd946f5000 	C:\WINDOWS\System32\combase.dll
0x00007ffd917b0000 - 0x00007ffd917dc000 	C:\WINDOWS\SYSTEM32\Wldp.dll
0x00007ffd937f0000 - 0x00007ffd9389e000 	C:\WINDOWS\System32\SHCORE.dll
0x00007ffd94210000 - 0x00007ffd94265000 	C:\WINDOWS\System32\shlwapi.dll
0x00007ffd920b0000 - 0x00007ffd920cf000 	C:\WINDOWS\SYSTEM32\profapi.dll
0x00007ffd5e8d0000 - 0x00007ffd5e8ea000 	E:\Android\jre\bin\net.dll
0x00007ffd86900000 - 0x00007ffd86a0b000 	C:\WINDOWS\SYSTEM32\WINHTTP.dll
0x00007ffd91280000 - 0x00007ffd912ea000 	C:\WINDOWS\system32\mswsock.dll
0x00007ffd5b5c0000 - 0x00007ffd5b5d4000 	E:\Android\jre\bin\nio.dll

dbghelp: loaded successfully - version: 4.0.5 - missing functions: none
symbol engine: initialized successfully - sym options: 0x614 - pdb path: .;E:\Android\jre\bin;C:\WINDOWS\SYSTEM32;C:\Program Files\AVAST Software\Avast;C:\WINDOWS\WinSxS\amd64_microsoft.windows.common-controls_6595b64144ccf1df_6.0.19041.844_none_ca00b6081b84eb1d;E:\Android\jre\bin\server

VM Arguments:
jvm_args: -Dorg.gradle.appname=gradlew 
java_command: org.gradle.wrapper.GradleWrapperMain -q -Ptarget-platform=android-x86 -Ptarget=C:\Users\CRIZMA MEGA STORE\Documents\GitHub\Mengo\mengo\lib\main.dart -Pdart-defines=Zmx1dHRlci5pbnNwZWN0b3Iuc3RydWN0dXJlZEVycm9ycz10cnVl,RkxVVFRFUl9XRUJfQVVUT19ERVRFQ1Q9dHJ1ZQ== -Pdart-obfuscation=false -Ptrack-widget-creation=true -Ptree-shake-icons=false -Pfilesystem-scheme=org-dartlang-root assembleDebug
java_class_path (initial): C:\Users\CRIZMA MEGA STORE\Documents\GitHub\Mengo\mengo\android\\gradle\wrapper\gradle-wrapper.jar
Launcher Type: SUN_STANDARD

[Global flags]
     intx CICompilerCount                          = 3                                         {product} {ergonomic}
     uint ConcGCThreads                            = 1                                         {product} {ergonomic}
     uint G1ConcRefinementThreads                  = 4                                         {product} {ergonomic}
   size_t G1HeapRegionSize                         = 1048576                                   {product} {ergonomic}
    uintx GCDrainStackTargetSize                   = 64                                        {product} {ergonomic}
   size_t InitialHeapSize                          = 132120576                                 {product} {ergonomic}
   size_t MarkStackSize                            = 4194304                                   {product} {ergonomic}
   size_t MaxHeapSize                              = 2111832064                                {product} {ergonomic}
   size_t MaxNewSize                               = 1266679808                                {product} {ergonomic}
   size_t MinHeapDeltaBytes                        = 1048576                                   {product} {ergonomic}
    uintx NonNMethodCodeHeapSize                   = 5830732                                {pd product} {ergonomic}
    uintx NonProfiledCodeHeapSize                  = 122913754                              {pd product} {ergonomic}
    uintx ProfiledCodeHeapSize                     = 122913754                              {pd product} {ergonomic}
    uintx ReservedCodeCacheSize                    = 251658240                              {pd product} {ergonomic}
     bool SegmentedCodeCache                       = true                                      {product} {ergonomic}
     bool UseCompressedClassPointers               = true                                 {lp64_product} {ergonomic}
     bool UseCompressedOops                        = true                                 {lp64_product} {ergonomic}
     bool UseG1GC                                  = true                                      {product} {ergonomic}
     bool UseLargePagesIndividualAllocation        = false                                  {pd product} {ergonomic}

Logging:
Log output configuration:
 #0: stdout all=warning uptime,level,tags
 #1: stderr all=off uptime,level,tags

Environment Variables:
JAVA_HOME=E:\Android\jre
CLASSPATH=C:\Users\CRIZMA MEGA STORE\Documents\GitHub\Mengo\mengo\android\\gradle\wrapper\gradle-wrapper.jar
PATH=C:\Program Files\Common Files\Oracle\Java\javapath;C:\WINDOWS\system32;C:\WINDOWS;C:\WINDOWS\System32\Wbem;C:\WINDOWS\System32\WindowsPowerShell\v1.0\;C:\WINDOWS\System32\OpenSSH\;C:\Program Files\Git\cmd;C:\Android\Sdk\platforms;C:\flutter_dev\flutter\bin;C:\Android\Sdk\platform-tools;C:\Users\CRIZMA MEGA STORE\AppData\Local\Microsoft\WindowsApps;C:\flutter_dev\flutter\bin;C:\Program Files\Java\jdk-16.0.1\bin;C:\Android\Sdk\platforms;C:\Users\CRIZMA MEGA STORE\AppData\Local\GitHubDesktop\bin;;C:\flutter_dev\flutter\bin\mingit\cmd
USERNAME=CRIZMA MEGA STORE
OS=Windows_NT
PROCESSOR_IDENTIFIER=Intel64 Family 6 Model 58 Stepping 9, GenuineIntel



---------------  S Y S T E M  ---------------

OS: Windows 10 , 64 bit Build 19041 (10.0.19041.928)
OS uptime: 0 days 0:36 hours

CPU:total 4 (initial active 4) (2 cores per cpu, 2 threads per core) family 6 model 58 stepping 9, cmov, cx8, fxsr, mmx, sse, sse2, sse3, ssse3, sse4.1, sse4.2, popcnt, avx, aes, clmul, erms, ht, tsc, tscinvbit, tscinv

Memory: 4k page, system-wide physical 8055M (300M free)
TotalPageFile size 11511M (AvailPageFile size 2220M)
current process WorkingSet (physical memory assigned to process): 38M, peak: 38M
current process commit charge ("private bytes"): 195M, peak: 195M

vm_info: OpenJDK 64-Bit Server VM (11.0.8+10-b944.6842174) for windows-amd64 JRE (11.0.8+10-b944.6842174), built on Sep 19 2020 01:11:42 by "builder" with MS VC++ 14.0 (VS2015)

END.
